This is pdfTeX, Version 3.14159265-2.6-1.40.21 (MiKTeX 20.11) (preloaded format=pdflatex 2020.12.17)  14 MAY 2021 12:27
entering extended mode
**./SFE.tex
(SFE.tex
LaTeX2e <2020-10-01> patch level 2
L3 programming layer <2020-10-27> xparse <2020-03-03>
(C:\PROGRAMS\MiKTeX\MiKTeX_2.9\tex/latex/beamer\beamer.cls
Document Class: beamer 2020/07/22 v3.59 A class for typesetting presentations
(C:\PROGRAMS\MiKTeX\MiKTeX_2.9\tex/latex/beamer\beamerbasemodes.sty
(C:\PROGRAMS\MiKTeX\MiKTeX_2.9\tex/latex/etoolbox\etoolbox.sty
Package: etoolbox 2020/10/05 v2.5k e-TeX tools for LaTeX (JAW)
\etb@tempcnta=\count175
)
\beamer@tempbox=\box47
\beamer@tempcount=\count176
\c@beamerpauses=\count177

(C:\PROGRAMS\MiKTeX\MiKTeX_2.9\tex/latex/beamer\beamerbasedecode.sty
\beamer@slideinframe=\count178
\beamer@minimum=\count179
\beamer@decode@box=\box48
)
\beamer@commentbox=\box49
\beamer@modecount=\count180
)
(C:\PROGRAMS\MiKTeX\MiKTeX_2.9\tex/generic/iftex\ifpdf.sty
Package: ifpdf 2019/10/25 v3.4 ifpdf legacy package. Use iftex instead.

(C:\PROGRAMS\MiKTeX\MiKTeX_2.9\tex/generic/iftex\iftex.sty
Package: iftex 2020/03/06 v1.0d TeX engine tests
))
\headdp=\dimen138
\footheight=\dimen139
\sidebarheight=\dimen140
\beamer@tempdim=\dimen141
\beamer@finalheight=\dimen142
\beamer@animht=\dimen143
\beamer@animdp=\dimen144
\beamer@animwd=\dimen145
\beamer@leftmargin=\dimen146
\beamer@rightmargin=\dimen147
\beamer@leftsidebar=\dimen148
\beamer@rightsidebar=\dimen149
\beamer@boxsize=\dimen150
\beamer@vboxoffset=\dimen151
\beamer@descdefault=\dimen152
\beamer@descriptionwidth=\dimen153
\beamer@lastskip=\skip47
\beamer@areabox=\box50
\beamer@animcurrent=\box51
\beamer@animshowbox=\box52
\beamer@sectionbox=\box53
\beamer@logobox=\box54
\beamer@linebox=\box55
\beamer@sectioncount=\count181
\beamer@subsubsectionmax=\count182
\beamer@subsectionmax=\count183
\beamer@sectionmax=\count184
\beamer@totalheads=\count185
\beamer@headcounter=\count186
\beamer@partstartpage=\count187
\beamer@sectionstartpage=\count188
\beamer@subsectionstartpage=\count189
\beamer@animationtempa=\count190
\beamer@animationtempb=\count191
\beamer@xpos=\count192
\beamer@ypos=\count193
\beamer@ypos@offset=\count194
\beamer@showpartnumber=\count195
\beamer@currentsubsection=\count196
\beamer@coveringdepth=\count197
\beamer@sectionadjust=\count198
\beamer@tocsectionnumber=\count199

(C:\PROGRAMS\MiKTeX\MiKTeX_2.9\tex/latex/beamer\beamerbaseoptions.sty
(C:\PROGRAMS\MiKTeX\MiKTeX_2.9\tex/latex/graphics\keyval.sty
Package: keyval 2014/10/28 v1.15 key=value parser (DPC)
\KV@toks@=\toks15
))
\beamer@paperwidth=\skip48
\beamer@paperheight=\skip49

(C:\PROGRAMS\MiKTeX\MiKTeX_2.9\tex/latex/geometry\geometry.sty
Package: geometry 2020/01/02 v5.9 Page Geometry

(C:\PROGRAMS\MiKTeX\MiKTeX_2.9\tex/generic/iftex\ifvtex.sty
Package: ifvtex 2019/10/25 v1.7 ifvtex legacy package. Use iftex instead.
)
\Gm@cnth=\count266
\Gm@cntv=\count267
\c@Gm@tempcnt=\count268
\Gm@bindingoffset=\dimen154
\Gm@wd@mp=\dimen155
\Gm@odd@mp=\dimen156
\Gm@even@mp=\dimen157
\Gm@layoutwidth=\dimen158
\Gm@layoutheight=\dimen159
\Gm@layouthoffset=\dimen160
\Gm@layoutvoffset=\dimen161
\Gm@dimlist=\toks16

(C:\PROGRAMS\MiKTeX\MiKTeX_2.9\tex/latex/geometry\geometry.cfg))
(C:\PROGRAMS\MiKTeX\MiKTeX_2.9\tex/latex/extsizes\size8.clo
File: size8.clo 1999/11/11 v1.4a NON-Standard LaTeX file (size option)
)
(C:\PROGRAMS\MiKTeX\MiKTeX_2.9\tex/latex/pgf/basiclayer\pgfcore.sty
(C:\PROGRAMS\MiKTeX\MiKTeX_2.9\tex/latex/graphics\graphicx.sty
Package: graphicx 2020/09/09 v1.2b Enhanced LaTeX Graphics (DPC,SPQR)

(C:\PROGRAMS\MiKTeX\MiKTeX_2.9\tex/latex/graphics\graphics.sty
Package: graphics 2020/08/30 v1.4c Standard LaTeX Graphics (DPC,SPQR)

(C:\PROGRAMS\MiKTeX\MiKTeX_2.9\tex/latex/graphics\trig.sty
Package: trig 2016/01/03 v1.10 sin cos tan (DPC)
)
(C:\PROGRAMS\MiKTeX\MiKTeX_2.9\tex/latex/graphics-cfg\graphics.cfg
File: graphics.cfg 2016/06/04 v1.11 sample graphics configuration
)
Package graphics Info: Driver file: pdftex.def on input line 105.

(C:\PROGRAMS\MiKTeX\MiKTeX_2.9\tex/latex/graphics-def\pdftex.def
File: pdftex.def 2020/10/05 v1.2a Graphics/color driver for pdftex
))
\Gin@req@height=\dimen162
\Gin@req@width=\dimen163
)
(C:\PROGRAMS\MiKTeX\MiKTeX_2.9\tex/latex/pgf/systemlayer\pgfsys.sty
(C:\PROGRAMS\MiKTeX\MiKTeX_2.9\tex/latex/pgf/utilities\pgfrcs.sty
(C:\PROGRAMS\MiKTeX\MiKTeX_2.9\tex/generic/pgf/utilities\pgfutil-common.tex
\pgfutil@everybye=\toks17
\pgfutil@tempdima=\dimen164
\pgfutil@tempdimb=\dimen165

(C:\PROGRAMS\MiKTeX\MiKTeX_2.9\tex/generic/pgf/utilities\pgfutil-common-lists.t
ex)) (C:\PROGRAMS\MiKTeX\MiKTeX_2.9\tex/generic/pgf/utilities\pgfutil-latex.def
\pgfutil@abb=\box56
) (C:\PROGRAMS\MiKTeX\MiKTeX_2.9\tex/generic/pgf/utilities\pgfrcs.code.tex
(C:\PROGRAMS\MiKTeX\MiKTeX_2.9\tex/generic/pgf\pgf.revision.tex)
Package: pgfrcs 2020/11/23 v3.1.7 (3.1.7)
))
(C:\PROGRAMS\MiKTeX\MiKTeX_2.9\tex/generic/pgf/systemlayer\pgfsys.code.tex
Package: pgfsys 2020/11/23 v3.1.7 (3.1.7)

(C:\PROGRAMS\MiKTeX\MiKTeX_2.9\tex/generic/pgf/utilities\pgfkeys.code.tex
\pgfkeys@pathtoks=\toks18
\pgfkeys@temptoks=\toks19

(C:\PROGRAMS\MiKTeX\MiKTeX_2.9\tex/generic/pgf/utilities\pgfkeysfiltered.code.t
ex
\pgfkeys@tmptoks=\toks20
))
\pgf@x=\dimen166
\pgf@y=\dimen167
\pgf@xa=\dimen168
\pgf@ya=\dimen169
\pgf@xb=\dimen170
\pgf@yb=\dimen171
\pgf@xc=\dimen172
\pgf@yc=\dimen173
\pgf@xd=\dimen174
\pgf@yd=\dimen175
\w@pgf@writea=\write3
\r@pgf@reada=\read2
\c@pgf@counta=\count269
\c@pgf@countb=\count270
\c@pgf@countc=\count271
\c@pgf@countd=\count272
\t@pgf@toka=\toks21
\t@pgf@tokb=\toks22
\t@pgf@tokc=\toks23
\pgf@sys@id@count=\count273
 (C:\PROGRAMS\MiKTeX\MiKTeX_2.9\tex/generic/pgf/systemlayer\pgf.cfg
File: pgf.cfg 2020/11/23 v3.1.7 (3.1.7)
)
Driver file for pgf: pgfsys-pdftex.def

(C:\PROGRAMS\MiKTeX\MiKTeX_2.9\tex/generic/pgf/systemlayer\pgfsys-pdftex.def
File: pgfsys-pdftex.def 2020/11/23 v3.1.7 (3.1.7)

(C:\PROGRAMS\MiKTeX\MiKTeX_2.9\tex/generic/pgf/systemlayer\pgfsys-common-pdf.de
f
File: pgfsys-common-pdf.def 2020/11/23 v3.1.7 (3.1.7)
)))
(C:\PROGRAMS\MiKTeX\MiKTeX_2.9\tex/generic/pgf/systemlayer\pgfsyssoftpath.code.
tex
File: pgfsyssoftpath.code.tex 2020/11/23 v3.1.7 (3.1.7)
\pgfsyssoftpath@smallbuffer@items=\count274
\pgfsyssoftpath@bigbuffer@items=\count275
)
(C:\PROGRAMS\MiKTeX\MiKTeX_2.9\tex/generic/pgf/systemlayer\pgfsysprotocol.code.
tex
File: pgfsysprotocol.code.tex 2020/11/23 v3.1.7 (3.1.7)
)) (C:\PROGRAMS\MiKTeX\MiKTeX_2.9\tex/latex/xcolor\xcolor.sty
Package: xcolor 2016/05/11 v2.12 LaTeX color extensions (UK)

(C:\PROGRAMS\MiKTeX\MiKTeX_2.9\tex/latex/graphics-cfg\color.cfg
File: color.cfg 2016/01/02 v1.6 sample color configuration
)
Package xcolor Info: Driver file: pdftex.def on input line 225.
Package xcolor Info: Model `cmy' substituted by `cmy0' on input line 1348.
Package xcolor Info: Model `hsb' substituted by `rgb' on input line 1352.
Package xcolor Info: Model `RGB' extended on input line 1364.
Package xcolor Info: Model `HTML' substituted by `rgb' on input line 1366.
Package xcolor Info: Model `Hsb' substituted by `hsb' on input line 1367.
Package xcolor Info: Model `tHsb' substituted by `hsb' on input line 1368.
Package xcolor Info: Model `HSB' substituted by `hsb' on input line 1369.
Package xcolor Info: Model `Gray' substituted by `gray' on input line 1370.
Package xcolor Info: Model `wave' substituted by `hsb' on input line 1371.
)
(C:\PROGRAMS\MiKTeX\MiKTeX_2.9\tex/generic/pgf/basiclayer\pgfcore.code.tex
Package: pgfcore 2020/11/23 v3.1.7 (3.1.7)

(C:\PROGRAMS\MiKTeX\MiKTeX_2.9\tex/generic/pgf/math\pgfmath.code.tex
(C:\PROGRAMS\MiKTeX\MiKTeX_2.9\tex/generic/pgf/math\pgfmathcalc.code.tex
(C:\PROGRAMS\MiKTeX\MiKTeX_2.9\tex/generic/pgf/math\pgfmathutil.code.tex)
(C:\PROGRAMS\MiKTeX\MiKTeX_2.9\tex/generic/pgf/math\pgfmathparser.code.tex
\pgfmath@dimen=\dimen176
\pgfmath@count=\count276
\pgfmath@box=\box57
\pgfmath@toks=\toks24
\pgfmath@stack@operand=\toks25
\pgfmath@stack@operation=\toks26
)
(C:\PROGRAMS\MiKTeX\MiKTeX_2.9\tex/generic/pgf/math\pgfmathfunctions.code.tex
(C:\PROGRAMS\MiKTeX\MiKTeX_2.9\tex/generic/pgf/math\pgfmathfunctions.basic.code
.tex)
(C:\PROGRAMS\MiKTeX\MiKTeX_2.9\tex/generic/pgf/math\pgfmathfunctions.trigonomet
ric.code.tex)
(C:\PROGRAMS\MiKTeX\MiKTeX_2.9\tex/generic/pgf/math\pgfmathfunctions.random.cod
e.tex)
(C:\PROGRAMS\MiKTeX\MiKTeX_2.9\tex/generic/pgf/math\pgfmathfunctions.comparison
.code.tex)
(C:\PROGRAMS\MiKTeX\MiKTeX_2.9\tex/generic/pgf/math\pgfmathfunctions.base.code.
tex)
(C:\PROGRAMS\MiKTeX\MiKTeX_2.9\tex/generic/pgf/math\pgfmathfunctions.round.code
.tex)
(C:\PROGRAMS\MiKTeX\MiKTeX_2.9\tex/generic/pgf/math\pgfmathfunctions.misc.code.
tex)
(C:\PROGRAMS\MiKTeX\MiKTeX_2.9\tex/generic/pgf/math\pgfmathfunctions.integerari
thmetics.code.tex)))
(C:\PROGRAMS\MiKTeX\MiKTeX_2.9\tex/generic/pgf/math\pgfmathfloat.code.tex
\c@pgfmathroundto@lastzeros=\count277
))
(C:\PROGRAMS\MiKTeX\MiKTeX_2.9\tex/generic/pgf/math\pgfint.code.tex)
(C:\PROGRAMS\MiKTeX\MiKTeX_2.9\tex/generic/pgf/basiclayer\pgfcorepoints.code.te
x
File: pgfcorepoints.code.tex 2020/11/23 v3.1.7 (3.1.7)
\pgf@picminx=\dimen177
\pgf@picmaxx=\dimen178
\pgf@picminy=\dimen179
\pgf@picmaxy=\dimen180
\pgf@pathminx=\dimen181
\pgf@pathmaxx=\dimen182
\pgf@pathminy=\dimen183
\pgf@pathmaxy=\dimen184
\pgf@xx=\dimen185
\pgf@xy=\dimen186
\pgf@yx=\dimen187
\pgf@yy=\dimen188
\pgf@zx=\dimen189
\pgf@zy=\dimen190
)
(C:\PROGRAMS\MiKTeX\MiKTeX_2.9\tex/generic/pgf/basiclayer\pgfcorepathconstruct.
code.tex
File: pgfcorepathconstruct.code.tex 2020/11/23 v3.1.7 (3.1.7)
\pgf@path@lastx=\dimen191
\pgf@path@lasty=\dimen192
)
(C:\PROGRAMS\MiKTeX\MiKTeX_2.9\tex/generic/pgf/basiclayer\pgfcorepathusage.code
.tex
File: pgfcorepathusage.code.tex 2020/11/23 v3.1.7 (3.1.7)
\pgf@shorten@end@additional=\dimen193
\pgf@shorten@start@additional=\dimen194
)
(C:\PROGRAMS\MiKTeX\MiKTeX_2.9\tex/generic/pgf/basiclayer\pgfcorescopes.code.te
x
File: pgfcorescopes.code.tex 2020/11/23 v3.1.7 (3.1.7)
\pgfpic=\box58
\pgf@hbox=\box59
\pgf@layerbox@main=\box60
\pgf@picture@serial@count=\count278
)
(C:\PROGRAMS\MiKTeX\MiKTeX_2.9\tex/generic/pgf/basiclayer\pgfcoregraphicstate.c
ode.tex
File: pgfcoregraphicstate.code.tex 2020/11/23 v3.1.7 (3.1.7)
\pgflinewidth=\dimen195
)
(C:\PROGRAMS\MiKTeX\MiKTeX_2.9\tex/generic/pgf/basiclayer\pgfcoretransformation
s.code.tex
File: pgfcoretransformations.code.tex 2020/11/23 v3.1.7 (3.1.7)
\pgf@pt@x=\dimen196
\pgf@pt@y=\dimen197
\pgf@pt@temp=\dimen198
)
(C:\PROGRAMS\MiKTeX\MiKTeX_2.9\tex/generic/pgf/basiclayer\pgfcorequick.code.tex
File: pgfcorequick.code.tex 2020/11/23 v3.1.7 (3.1.7)
)
(C:\PROGRAMS\MiKTeX\MiKTeX_2.9\tex/generic/pgf/basiclayer\pgfcoreobjects.code.t
ex
File: pgfcoreobjects.code.tex 2020/11/23 v3.1.7 (3.1.7)
)
(C:\PROGRAMS\MiKTeX\MiKTeX_2.9\tex/generic/pgf/basiclayer\pgfcorepathprocessing
.code.tex
File: pgfcorepathprocessing.code.tex 2020/11/23 v3.1.7 (3.1.7)
)
(C:\PROGRAMS\MiKTeX\MiKTeX_2.9\tex/generic/pgf/basiclayer\pgfcorearrows.code.te
x
File: pgfcorearrows.code.tex 2020/11/23 v3.1.7 (3.1.7)
\pgfarrowsep=\dimen199
)
(C:\PROGRAMS\MiKTeX\MiKTeX_2.9\tex/generic/pgf/basiclayer\pgfcoreshade.code.tex
File: pgfcoreshade.code.tex 2020/11/23 v3.1.7 (3.1.7)
\pgf@max=\dimen256
\pgf@sys@shading@range@num=\count279
\pgf@shadingcount=\count280
)
(C:\PROGRAMS\MiKTeX\MiKTeX_2.9\tex/generic/pgf/basiclayer\pgfcoreimage.code.tex
File: pgfcoreimage.code.tex 2020/11/23 v3.1.7 (3.1.7)

(C:\PROGRAMS\MiKTeX\MiKTeX_2.9\tex/generic/pgf/basiclayer\pgfcoreexternal.code.
tex
File: pgfcoreexternal.code.tex 2020/11/23 v3.1.7 (3.1.7)
\pgfexternal@startupbox=\box61
))
(C:\PROGRAMS\MiKTeX\MiKTeX_2.9\tex/generic/pgf/basiclayer\pgfcorelayers.code.te
x
File: pgfcorelayers.code.tex 2020/11/23 v3.1.7 (3.1.7)
)
(C:\PROGRAMS\MiKTeX\MiKTeX_2.9\tex/generic/pgf/basiclayer\pgfcoretransparency.c
ode.tex
File: pgfcoretransparency.code.tex 2020/11/23 v3.1.7 (3.1.7)
)
(C:\PROGRAMS\MiKTeX\MiKTeX_2.9\tex/generic/pgf/basiclayer\pgfcorepatterns.code.
tex
File: pgfcorepatterns.code.tex 2020/11/23 v3.1.7 (3.1.7)
)
(C:\PROGRAMS\MiKTeX\MiKTeX_2.9\tex/generic/pgf/basiclayer\pgfcorerdf.code.tex
File: pgfcorerdf.code.tex 2020/11/23 v3.1.7 (3.1.7)
))) (C:\PROGRAMS\MiKTeX\MiKTeX_2.9\tex/latex/pgf/utilities\xxcolor.sty
Package: xxcolor 2003/10/24 ver 0.1
\XC@nummixins=\count281
\XC@countmixins=\count282
)
(C:\PROGRAMS\MiKTeX\MiKTeX_2.9\tex/latex/base\atbegshi-ltx.sty
Package: atbegshi-ltx 2020/08/17 v1.0a Emulation of the original atbegshi packa
ge
with kernel methods
)
(C:\PROGRAMS\MiKTeX\MiKTeX_2.9\tex/latex/hyperref\hyperref.sty
Package: hyperref 2020-05-15 v7.00e Hypertext links for LaTeX

(C:\PROGRAMS\MiKTeX\MiKTeX_2.9\tex/generic/ltxcmds\ltxcmds.sty
Package: ltxcmds 2020-05-10 v1.25 LaTeX kernel commands for general use (HO)
)
(C:\PROGRAMS\MiKTeX\MiKTeX_2.9\tex/generic/pdftexcmds\pdftexcmds.sty
Package: pdftexcmds 2020-06-27 v0.33 Utility functions of pdfTeX for LuaTeX (HO
)

(C:\PROGRAMS\MiKTeX\MiKTeX_2.9\tex/generic/infwarerr\infwarerr.sty
Package: infwarerr 2019/12/03 v1.5 Providing info/warning/error messages (HO)
)
Package pdftexcmds Info: \pdf@primitive is available.
Package pdftexcmds Info: \pdf@ifprimitive is available.
Package pdftexcmds Info: \pdfdraftmode found.
)
(C:\PROGRAMS\MiKTeX\MiKTeX_2.9\tex/generic/kvsetkeys\kvsetkeys.sty
Package: kvsetkeys 2019/12/15 v1.18 Key value parser (HO)
)
(C:\PROGRAMS\MiKTeX\MiKTeX_2.9\tex/generic/kvdefinekeys\kvdefinekeys.sty
Package: kvdefinekeys 2019-12-19 v1.6 Define keys (HO)
)
(C:\PROGRAMS\MiKTeX\MiKTeX_2.9\tex/generic/pdfescape\pdfescape.sty
Package: pdfescape 2019/12/09 v1.15 Implements pdfTeX's escape features (HO)
)
(C:\PROGRAMS\MiKTeX\MiKTeX_2.9\tex/latex/hycolor\hycolor.sty
Package: hycolor 2020-01-27 v1.10 Color options for hyperref/bookmark (HO)
)
(C:\PROGRAMS\MiKTeX\MiKTeX_2.9\tex/latex/letltxmacro\letltxmacro.sty
Package: letltxmacro 2019/12/03 v1.6 Let assignment for LaTeX macros (HO)
)
(C:\PROGRAMS\MiKTeX\MiKTeX_2.9\tex/latex/auxhook\auxhook.sty
Package: auxhook 2019-12-17 v1.6 Hooks for auxiliary files (HO)
)
(C:\PROGRAMS\MiKTeX\MiKTeX_2.9\tex/latex/kvoptions\kvoptions.sty
Package: kvoptions 2020-10-07 v3.14 Key value format for package options (HO)
)
\@linkdim=\dimen257
\Hy@linkcounter=\count283
\Hy@pagecounter=\count284

(C:\PROGRAMS\MiKTeX\MiKTeX_2.9\tex/latex/hyperref\pd1enc.def
File: pd1enc.def 2020-05-15 v7.00e Hyperref: PDFDocEncoding definition (HO)
Now handling font encoding PD1 ...
... no UTF-8 mapping file for font encoding PD1
)
(C:\PROGRAMS\MiKTeX\MiKTeX_2.9\tex/generic/intcalc\intcalc.sty
Package: intcalc 2019/12/15 v1.3 Expandable calculations with integers (HO)
)
(C:\PROGRAMS\MiKTeX\MiKTeX_2.9\tex/generic/etexcmds\etexcmds.sty
Package: etexcmds 2019/12/15 v1.7 Avoid name clashes with e-TeX commands (HO)
)
\Hy@SavedSpaceFactor=\count285
Package hyperref Info: Option `bookmarks' set `true' on input line 4338.
Package hyperref Info: Option `bookmarksopen' set `true' on input line 4338.
Package hyperref Info: Option `implicit' set `false' on input line 4338.
Package hyperref Info: Hyper figures OFF on input line 4464.
Package hyperref Info: Link nesting OFF on input line 4469.
Package hyperref Info: Hyper index ON on input line 4472.
Package hyperref Info: Plain pages OFF on input line 4479.
Package hyperref Info: Backreferencing OFF on input line 4484.
Package hyperref Info: Implicit mode OFF; no redefinition of LaTeX internals.
Package hyperref Info: Bookmarks ON on input line 4717.
\c@Hy@tempcnt=\count286

(C:\PROGRAMS\MiKTeX\MiKTeX_2.9\tex/latex/url\url.sty
\Urlmuskip=\muskip16
Package: url 2013/09/16  ver 3.4  Verb mode for urls, etc.
)
LaTeX Info: Redefining \url on input line 5076.
\XeTeXLinkMargin=\dimen258

(C:\PROGRAMS\MiKTeX\MiKTeX_2.9\tex/generic/bitset\bitset.sty
Package: bitset 2019/12/09 v1.3 Handle bit-vector datatype (HO)

(C:\PROGRAMS\MiKTeX\MiKTeX_2.9\tex/generic/bigintcalc\bigintcalc.sty
Package: bigintcalc 2019/12/15 v1.5 Expandable calculations on big integers (HO
)
))
\Fld@menulength=\count287
\Field@Width=\dimen259
\Fld@charsize=\dimen260
Package hyperref Info: Hyper figures OFF on input line 6347.
Package hyperref Info: Link nesting OFF on input line 6352.
Package hyperref Info: Hyper index ON on input line 6355.
Package hyperref Info: backreferencing OFF on input line 6362.
Package hyperref Info: Link coloring OFF on input line 6367.
Package hyperref Info: Link coloring with OCG OFF on input line 6372.
Package hyperref Info: PDF/A mode OFF on input line 6377.
LaTeX Info: Redefining \ref on input line 6417.
LaTeX Info: Redefining \pageref on input line 6421.
\Hy@abspage=\count288


Package hyperref Message: Stopped early.

)
Package hyperref Info: Driver (autodetected): hpdftex.
 (C:\PROGRAMS\MiKTeX\MiKTeX_2.9\tex/latex/hyperref\hpdftex.def
File: hpdftex.def 2020-05-15 v7.00e Hyperref driver for pdfTeX

(C:\PROGRAMS\MiKTeX\MiKTeX_2.9\tex/latex/base\atveryend-ltx.sty
Package: atveryend-ltx 2020/08/19 v1.0a Emulation of the original atvery packag
e
with kernel methods
)
\Fld@listcount=\count289
\c@bookmark@seq@number=\count290

(C:\PROGRAMS\MiKTeX\MiKTeX_2.9\tex/latex/rerunfilecheck\rerunfilecheck.sty
Package: rerunfilecheck 2019/12/05 v1.9 Rerun checks for auxiliary files (HO)

(C:\PROGRAMS\MiKTeX\MiKTeX_2.9\tex/generic/uniquecounter\uniquecounter.sty
Package: uniquecounter 2019/12/15 v1.4 Provide unlimited unique counter (HO)
)
Package uniquecounter Info: New unique counter `rerunfilecheck' on input line 2
86.
))
(C:\PROGRAMS\MiKTeX\MiKTeX_2.9\tex/latex/beamer\beamerbaserequires.sty
(C:\PROGRAMS\MiKTeX\MiKTeX_2.9\tex/latex/beamer\beamerbasecompatibility.sty)
(C:\PROGRAMS\MiKTeX\MiKTeX_2.9\tex/latex/beamer\beamerbasefont.sty
(C:\PROGRAMS\MiKTeX\MiKTeX_2.9\tex/latex/amsfonts\amssymb.sty
Package: amssymb 2013/01/14 v3.01 AMS font symbols

(C:\PROGRAMS\MiKTeX\MiKTeX_2.9\tex/latex/amsfonts\amsfonts.sty
Package: amsfonts 2013/01/14 v3.01 Basic AMSFonts support
\@emptytoks=\toks27
\symAMSa=\mathgroup4
\symAMSb=\mathgroup5
LaTeX Font Info:    Redeclaring math symbol \hbar on input line 98.
LaTeX Font Info:    Overwriting math alphabet `\mathfrak' in version `bold'
(Font)                  U/euf/m/n --> U/euf/b/n on input line 106.
))
(C:\PROGRAMS\MiKTeX\MiKTeX_2.9\tex/latex/sansmathaccent\sansmathaccent.sty
Package: sansmathaccent 2020/01/31

(C:\PROGRAMS\MiKTeX\MiKTeX_2.9\tex/latex/koma-script\scrlfile.sty
Package: scrlfile 2020/09/21 v3.32 KOMA-Script package (file load hooks)

(C:\PROGRAMS\MiKTeX\MiKTeX_2.9\tex/latex/koma-script\scrlfile-hook.sty
Package: scrlfile-hook 2020/09/21 v3.32 KOMA-Script package (using LaTeX hooks)


LaTeX3 Info: Defining command \BeforeFile with sig. 'm' on line 61.


LaTeX3 Info: Defining command \AfterFile with sig. 'm' on line 65.


LaTeX3 Info: Defining command \BeforeClass with sig. 'm' on line 69.


LaTeX3 Info: Defining command \BeforePackage with sig. 'm' on line 73.


LaTeX3 Info: Defining command \AfterAtEndOfClass with sig. 'smo+m' on line 83.


LaTeX3 Info: Defining command \AfterAtEndOfPackage with sig. 'smo+m' on line
(LaTeX3)     93.


LaTeX3 Info: Defining command \scrlfile@AfterClass with sig. 'smo+m' on line
(LaTeX3)     173.


LaTeX3 Info: Defining command \AfterClass with sig. '' on line 174.


LaTeX3 Info: Defining command \scrlfile@AfterPackage with sig. 'smo+m' on line
(LaTeX3)     191.


LaTeX3 Info: Defining command \AfterPackage with sig. '' on line 192.


LaTeX3 Info: Defining command \ReplaceInput with sig. '' on line 193.


LaTeX3 Info: Defining command \ReplaceClass with sig. 'mm' on line 196.


LaTeX3 Info: Defining command \ReplacePackage with sig. 'mm' on line 199.


LaTeX3 Info: Defining command \UnReplaceInput with sig. '' on line 200.


LaTeX3 Info: Defining command \UnReplaceClass with sig. 'm' on line 203.


LaTeX3 Info: Defining command \UnReplacePackage with sig. 'mm' on line 206.


LaTeX3 Info: Defining command \PreventPackageFromLoading with sig. 's+om' on
(LaTeX3)     line 234.


LaTeX3 Info: Defining command \StorePreventPackageFromLoading with sig. 'm' on
(LaTeX3)     line 242.


LaTeX3 Info: Defining command \ResetPreventPackageFromLoading with sig. '' on
(LaTeX3)     line 247.


LaTeX3 Info: Defining command \UnPreventPackageFromLoading with sig. 'sm' on
(LaTeX3)     line 261.


LaTeX3 Info: Defining command \BeforeClosingMainAux with sig. 'om' on line
(LaTeX3)     274.


LaTeX3 Info: Defining command \AfterReadingMainAux with sig. 'om' on line 287.


LaTeX3 Info: Defining command \protected@immediate@write with sig. 'm+m+m' on
(LaTeX3)     line 298.


(C:\PROGRAMS\MiKTeX\MiKTeX_2.9\tex/latex/koma-script\scrlogo.sty
Package: scrlogo 2020/09/21 v3.32 KOMA-Script package (logo)
)))))
(C:\PROGRAMS\MiKTeX\MiKTeX_2.9\tex/latex/beamer\beamerbasetranslator.sty
(C:\PROGRAMS\MiKTeX\MiKTeX_2.9\tex/latex/translator\translator.sty
Package: translator 2020-08-03 v1.12c Easy translation of strings in LaTeX
))
(C:\PROGRAMS\MiKTeX\MiKTeX_2.9\tex/latex/beamer\beamerbasemisc.sty)
(C:\PROGRAMS\MiKTeX\MiKTeX_2.9\tex/latex/beamer\beamerbasetwoscreens.sty)
(C:\PROGRAMS\MiKTeX\MiKTeX_2.9\tex/latex/beamer\beamerbaseoverlay.sty
\beamer@argscount=\count291
\beamer@lastskipcover=\skip50
\beamer@trivlistdepth=\count292
)
(C:\PROGRAMS\MiKTeX\MiKTeX_2.9\tex/latex/beamer\beamerbasetitle.sty)
(C:\PROGRAMS\MiKTeX\MiKTeX_2.9\tex/latex/beamer\beamerbasesection.sty
\c@lecture=\count293
\c@part=\count294
\c@section=\count295
\c@subsection=\count296
\c@subsubsection=\count297
)
(C:\PROGRAMS\MiKTeX\MiKTeX_2.9\tex/latex/beamer\beamerbaseframe.sty
\beamer@framebox=\box62
\beamer@frametitlebox=\box63
\beamer@zoombox=\box64
\beamer@zoomcount=\count298
\beamer@zoomframecount=\count299
\beamer@frametextheight=\dimen261
\c@subsectionslide=\count300
\beamer@frametopskip=\skip51
\beamer@framebottomskip=\skip52
\beamer@frametopskipautobreak=\skip53
\beamer@framebottomskipautobreak=\skip54
\beamer@envbody=\toks28
\framewidth=\dimen262
\c@framenumber=\count301
)
(C:\PROGRAMS\MiKTeX\MiKTeX_2.9\tex/latex/beamer\beamerbaseverbatim.sty
\beamer@verbatimfileout=\write4
)
(C:\PROGRAMS\MiKTeX\MiKTeX_2.9\tex/latex/beamer\beamerbaseframesize.sty
\beamer@splitbox=\box65
\beamer@autobreakcount=\count302
\beamer@autobreaklastheight=\dimen263
\beamer@frametitletoks=\toks29
\beamer@framesubtitletoks=\toks30
)
(C:\PROGRAMS\MiKTeX\MiKTeX_2.9\tex/latex/beamer\beamerbaseframecomponents.sty
\beamer@footins=\box66
)
(C:\PROGRAMS\MiKTeX\MiKTeX_2.9\tex/latex/beamer\beamerbasecolor.sty)
(C:\PROGRAMS\MiKTeX\MiKTeX_2.9\tex/latex/beamer\beamerbasenotes.sty
\beamer@frameboxcopy=\box67
)
(C:\PROGRAMS\MiKTeX\MiKTeX_2.9\tex/latex/beamer\beamerbasetoc.sty)
(C:\PROGRAMS\MiKTeX\MiKTeX_2.9\tex/latex/beamer\beamerbasetemplates.sty
\beamer@sbttoks=\toks31

(C:\PROGRAMS\MiKTeX\MiKTeX_2.9\tex/latex/beamer\beamerbaseauxtemplates.sty
(C:\PROGRAMS\MiKTeX\MiKTeX_2.9\tex/latex/beamer\beamerbaseboxes.sty
\bmb@box=\box68
\bmb@colorbox=\box69
\bmb@boxshadow=\box70
\bmb@boxshadowball=\box71
\bmb@boxshadowballlarge=\box72
\bmb@temp=\dimen264
\bmb@dima=\dimen265
\bmb@dimb=\dimen266
\bmb@prevheight=\dimen267
)
\beamer@blockheadheight=\dimen268
))
(C:\PROGRAMS\MiKTeX\MiKTeX_2.9\tex/latex/beamer\beamerbaselocalstructure.sty
(C:\PROGRAMS\MiKTeX\MiKTeX_2.9\tex/latex/latex-tools\enumerate.sty
Package: enumerate 2015/07/23 v3.00 enumerate extensions (DPC)
\@enLab=\toks32
)
\c@figure=\count303
\c@table=\count304
\abovecaptionskip=\skip55
\belowcaptionskip=\skip56
)
(C:\PROGRAMS\MiKTeX\MiKTeX_2.9\tex/latex/beamer\beamerbasenavigation.sty
\beamer@section@min@dim=\dimen269
)
(C:\PROGRAMS\MiKTeX\MiKTeX_2.9\tex/latex/beamer\beamerbasetheorems.sty
(C:\PROGRAMS\MiKTeX\MiKTeX_2.9\tex/latex/amsmath\amsmath.sty
Package: amsmath 2020/09/23 v2.17i AMS math features
\@mathmargin=\skip57

For additional information on amsmath, use the `?' option.
(C:\PROGRAMS\MiKTeX\MiKTeX_2.9\tex/latex/amsmath\amstext.sty
Package: amstext 2000/06/29 v2.01 AMS text

(C:\PROGRAMS\MiKTeX\MiKTeX_2.9\tex/latex/amsmath\amsgen.sty
File: amsgen.sty 1999/11/30 v2.0 generic functions
\@emptytoks=\toks33
\ex@=\dimen270
))
(C:\PROGRAMS\MiKTeX\MiKTeX_2.9\tex/latex/amsmath\amsbsy.sty
Package: amsbsy 1999/11/29 v1.2d Bold Symbols
\pmbraise@=\dimen271
)
(C:\PROGRAMS\MiKTeX\MiKTeX_2.9\tex/latex/amsmath\amsopn.sty
Package: amsopn 2016/03/08 v2.02 operator names
)
\inf@bad=\count305
LaTeX Info: Redefining \frac on input line 234.
\uproot@=\count306
\leftroot@=\count307
LaTeX Info: Redefining \overline on input line 399.
\classnum@=\count308
\DOTSCASE@=\count309
LaTeX Info: Redefining \ldots on input line 496.
LaTeX Info: Redefining \dots on input line 499.
LaTeX Info: Redefining \cdots on input line 620.
\Mathstrutbox@=\box73
\strutbox@=\box74
\big@size=\dimen272
LaTeX Font Info:    Redeclaring font encoding OML on input line 743.
LaTeX Font Info:    Redeclaring font encoding OMS on input line 744.
\macc@depth=\count310
\c@MaxMatrixCols=\count311
\dotsspace@=\muskip17
\c@parentequation=\count312
\dspbrk@lvl=\count313
\tag@help=\toks34
\row@=\count314
\column@=\count315
\maxfields@=\count316
\andhelp@=\toks35
\eqnshift@=\dimen273
\alignsep@=\dimen274
\tagshift@=\dimen275
\tagwidth@=\dimen276
\totwidth@=\dimen277
\lineht@=\dimen278
\@envbody=\toks36
\multlinegap=\skip58
\multlinetaggap=\skip59
\mathdisplay@stack=\toks37
LaTeX Info: Redefining \[ on input line 2923.
LaTeX Info: Redefining \] on input line 2924.
)
(C:\PROGRAMS\MiKTeX\MiKTeX_2.9\tex/latex/amscls\amsthm.sty
Package: amsthm 2020/05/29 v2.20.6
\thm@style=\toks38
\thm@bodyfont=\toks39
\thm@headfont=\toks40
\thm@notefont=\toks41
\thm@headpunct=\toks42
\thm@preskip=\skip60
\thm@postskip=\skip61
\thm@headsep=\skip62
\dth@everypar=\toks43
)
\c@theorem=\count317
)
(C:\PROGRAMS\MiKTeX\MiKTeX_2.9\tex/latex/beamer\beamerbasethemes.sty))
(C:\PROGRAMS\MiKTeX\MiKTeX_2.9\tex/latex/beamer\beamerthemedefault.sty
(C:\PROGRAMS\MiKTeX\MiKTeX_2.9\tex/latex/beamer\beamerfontthemedefault.sty)
(C:\PROGRAMS\MiKTeX\MiKTeX_2.9\tex/latex/beamer\beamercolorthemedefault.sty)
(C:\PROGRAMS\MiKTeX\MiKTeX_2.9\tex/latex/beamer\beamerinnerthemedefault.sty
\beamer@dima=\dimen279
\beamer@dimb=\dimen280
)
(C:\PROGRAMS\MiKTeX\MiKTeX_2.9\tex/latex/beamer\beamerouterthemedefault.sty)))
(C:\PROGRAMS\MiKTeX\MiKTeX_2.9\tex/latex/beamertheme-metropolis\beamerthememetr
opolis.sty
Package: beamerthememetropolis 2017/01/23 v1.2 Metropolis Beamer theme
 (C:\PROGRAMS\MiKTeX\MiKTeX_2.9\tex/latex/pgfopts\pgfopts.sty
Package: pgfopts 2014/07/10 v2.1a LaTeX package options with pgfkeys

(C:\PROGRAMS\MiKTeX\MiKTeX_2.9\tex/latex/pgf/utilities\pgfkeys.sty
(C:\PROGRAMS\MiKTeX\MiKTeX_2.9\tex/generic/pgf/utilities\pgfkeys.code.tex))
\pgfopts@list@add@a@toks=\toks44
\pgfopts@list@add@b@toks=\toks45
)
(C:\PROGRAMS\MiKTeX\MiKTeX_2.9\tex/latex/beamertheme-metropolis\beamerinnerthem
emetropolis.sty
Package: beamerinnerthememetropolis 2017/01/23 Metropolis inner theme
 (C:\PROGRAMS\MiKTeX\MiKTeX_2.9\tex/latex/latex-tools\calc.sty
Package: calc 2017/05/25 v4.3 Infix arithmetic (KKT,FJ)
\calc@Acount=\count318
\calc@Bcount=\count319
\calc@Adimen=\dimen281
\calc@Bdimen=\dimen282
\calc@Askip=\skip63
\calc@Bskip=\skip64
LaTeX Info: Redefining \setlength on input line 80.
LaTeX Info: Redefining \addtolength on input line 81.
\calc@Ccount=\count320
\calc@Cskip=\skip65
)
(C:\PROGRAMS\MiKTeX\MiKTeX_2.9\tex/latex/pgf/frontendlayer\tikz.sty
(C:\PROGRAMS\MiKTeX\MiKTeX_2.9\tex/latex/pgf/basiclayer\pgf.sty
Package: pgf 2020/11/23 v3.1.7 (3.1.7)

(C:\PROGRAMS\MiKTeX\MiKTeX_2.9\tex/generic/pgf/modules\pgfmoduleshapes.code.tex
File: pgfmoduleshapes.code.tex 2020/11/23 v3.1.7 (3.1.7)
\pgfnodeparttextbox=\box75
) (C:\PROGRAMS\MiKTeX\MiKTeX_2.9\tex/generic/pgf/modules\pgfmoduleplot.code.tex
File: pgfmoduleplot.code.tex 2020/11/23 v3.1.7 (3.1.7)
)
(C:\PROGRAMS\MiKTeX\MiKTeX_2.9\tex/latex/pgf/compatibility\pgfcomp-version-0-65
.sty
Package: pgfcomp-version-0-65 2020/11/23 v3.1.7 (3.1.7)
\pgf@nodesepstart=\dimen283
\pgf@nodesepend=\dimen284
)
(C:\PROGRAMS\MiKTeX\MiKTeX_2.9\tex/latex/pgf/compatibility\pgfcomp-version-1-18
.sty
Package: pgfcomp-version-1-18 2020/11/23 v3.1.7 (3.1.7)
)) (C:\PROGRAMS\MiKTeX\MiKTeX_2.9\tex/latex/pgf/utilities\pgffor.sty
(C:\PROGRAMS\MiKTeX\MiKTeX_2.9\tex/latex/pgf/math\pgfmath.sty
(C:\PROGRAMS\MiKTeX\MiKTeX_2.9\tex/generic/pgf/math\pgfmath.code.tex))
(C:\PROGRAMS\MiKTeX\MiKTeX_2.9\tex/generic/pgf/utilities\pgffor.code.tex
Package: pgffor 2020/11/23 v3.1.7 (3.1.7)

(C:\PROGRAMS\MiKTeX\MiKTeX_2.9\tex/generic/pgf/math\pgfmath.code.tex)
\pgffor@iter=\dimen285
\pgffor@skip=\dimen286
\pgffor@stack=\toks46
\pgffor@toks=\toks47
))
(C:\PROGRAMS\MiKTeX\MiKTeX_2.9\tex/generic/pgf/frontendlayer/tikz\tikz.code.tex
Package: tikz 2020/11/23 v3.1.7 (3.1.7)

(C:\PROGRAMS\MiKTeX\MiKTeX_2.9\tex/generic/pgf/libraries\pgflibraryplothandlers
.code.tex
File: pgflibraryplothandlers.code.tex 2020/11/23 v3.1.7 (3.1.7)
\pgf@plot@mark@count=\count321
\pgfplotmarksize=\dimen287
)
\tikz@lastx=\dimen288
\tikz@lasty=\dimen289
\tikz@lastxsaved=\dimen290
\tikz@lastysaved=\dimen291
\tikz@lastmovetox=\dimen292
\tikz@lastmovetoy=\dimen293
\tikzleveldistance=\dimen294
\tikzsiblingdistance=\dimen295
\tikz@figbox=\box76
\tikz@figbox@bg=\box77
\tikz@tempbox=\box78
\tikz@tempbox@bg=\box79
\tikztreelevel=\count322
\tikznumberofchildren=\count323
\tikznumberofcurrentchild=\count324
\tikz@fig@count=\count325

(C:\PROGRAMS\MiKTeX\MiKTeX_2.9\tex/generic/pgf/modules\pgfmodulematrix.code.tex
File: pgfmodulematrix.code.tex 2020/11/23 v3.1.7 (3.1.7)
\pgfmatrixcurrentrow=\count326
\pgfmatrixcurrentcolumn=\count327
\pgf@matrix@numberofcolumns=\count328
)
\tikz@expandcount=\count329

(C:\PROGRAMS\MiKTeX\MiKTeX_2.9\tex/generic/pgf/frontendlayer/tikz/libraries\tik
zlibrarytopaths.code.tex
File: tikzlibrarytopaths.code.tex 2020/11/23 v3.1.7 (3.1.7)
)))
\metropolis@titleseparator@linewidth=\skip66
\metropolis@progressonsectionpage=\skip67
\metropolis@progressonsectionpage@linewidth=\skip68
\metropolis@blocksep=\skip69
\metropolis@blockadjust=\skip70
\metropolis@parskip=\skip71
)
(C:\PROGRAMS\MiKTeX\MiKTeX_2.9\tex/latex/beamertheme-metropolis\beamerouterthem
emetropolis.sty
Package: beamerouterthememetropolis 2017/01/23 Metropolis outer theme
\metropolis@frametitle@padding=\skip72
\metropolis@progressinheadfoot=\skip73
\metropolis@progressinheadfoot@linewidth=\skip74
)
(C:\PROGRAMS\MiKTeX\MiKTeX_2.9\tex/latex/beamertheme-metropolis\beamercolorthem
emetropolis.sty
Package: beamercolorthememetropolis 2017/01/23 Metropolis color theme
)
(C:\PROGRAMS\MiKTeX\MiKTeX_2.9\tex/latex/beamertheme-metropolis\beamerfonttheme
metropolis.sty
Package: beamerfontthememetropolis 2017/01/23 Metropolis font theme
 (C:\PROGRAMS\MiKTeX\MiKTeX_2.9\tex/generic/iftex\ifxetex.sty
Package: ifxetex 2019/10/25 v0.7 ifxetex legacy package. Use iftex instead.
)
(C:\PROGRAMS\MiKTeX\MiKTeX_2.9\tex/generic/iftex\ifluatex.sty
Package: ifluatex 2019/10/25 v1.5 ifluatex legacy package. Use iftex instead.
)

Package beamerthememetropolis Warning: You need to compile with XeLaTeX or LuaL
aTeX to use the Fira fonts on input line 95.

))
(C:\PROGRAMS\MiKTeX\MiKTeX_2.9\tex/latex/appendixnumberbeamer\appendixnumberbea
mer.sty) (C:\PROGRAMS\MiKTeX\MiKTeX_2.9\tex/latex/booktabs\booktabs.sty
Package: booktabs 2020/01/12 v1.61803398 Publication quality tables
\heavyrulewidth=\dimen296
\lightrulewidth=\dimen297
\cmidrulewidth=\dimen298
\belowrulesep=\dimen299
\belowbottomsep=\dimen300
\aboverulesep=\dimen301
\abovetopsep=\dimen302
\cmidrulesep=\dimen303
\cmidrulekern=\dimen304
\defaultaddspace=\dimen305
\@cmidla=\count330
\@cmidlb=\count331
\@aboverulesep=\dimen306
\@belowrulesep=\dimen307
\@thisruleclass=\count332
\@lastruleclass=\count333
\@thisrulewidth=\dimen308
)
(C:\PROGRAMS\MiKTeX\MiKTeX_2.9\tex/latex/ccicons\ccicons.sty
Package: ccicons 2017/10/30 v1.6 LaTeX support for Creative Commons icons

(C:\PROGRAMS\MiKTeX\MiKTeX_2.9\tex/latex/xkeyval\xkeyval.sty
Package: xkeyval 2020/11/20 v2.8 package option processing (HA)

(C:\PROGRAMS\MiKTeX\MiKTeX_2.9\tex/generic/xkeyval\xkeyval.tex
(C:\PROGRAMS\MiKTeX\MiKTeX_2.9\tex/generic/xkeyval\xkvutils.tex
\XKV@toks=\toks48
\XKV@tempa@toks=\toks49
)
\XKV@depth=\count334
File: xkeyval.tex 2014/12/03 v2.7a key=value parser (HA)
)))
(C:\PROGRAMS\MiKTeX\MiKTeX_2.9\tex/latex/pgfplots\pgfplots.sty
(C:\PROGRAMS\MiKTeX\MiKTeX_2.9\tex/generic/pgfplots\pgfplots.revision.tex)
Package: pgfplots 2020/02/29 v1.17 Data Visualization (1.17)

(C:\PROGRAMS\MiKTeX\MiKTeX_2.9\tex/generic/pgfplots\pgfplots.code.tex
(C:\PROGRAMS\MiKTeX\MiKTeX_2.9\tex/generic/pgfplots\pgfplotscore.code.tex
\t@pgfplots@toka=\toks50
\t@pgfplots@tokb=\toks51
\t@pgfplots@tokc=\toks52
\pgfplots@tmpa=\dimen309
\c@pgfplots@coordindex=\count335
\c@pgfplots@scanlineindex=\count336

(C:\PROGRAMS\MiKTeX\MiKTeX_2.9\tex/generic/pgfplots/sys\pgfplotssysgeneric.code
.tex))
(C:\PROGRAMS\MiKTeX\MiKTeX_2.9\tex/generic/pgfplots/libs\pgfplotslibrary.code.t
ex)
(C:\PROGRAMS\MiKTeX\MiKTeX_2.9\tex/generic/pgfplots/oldpgfcompatib\pgfplotsoldp
gfsupp_loader.code.tex
(C:\PROGRAMS\MiKTeX\MiKTeX_2.9\tex/generic/pgf/libraries\pgflibraryfpu.code.tex
))
(C:\PROGRAMS\MiKTeX\MiKTeX_2.9\tex/generic/pgfplots/util\pgfplotsutil.code.tex
(C:\PROGRAMS\MiKTeX\MiKTeX_2.9\tex/generic/pgfplots/liststructure\pgfplotslists
tructure.code.tex)
(C:\PROGRAMS\MiKTeX\MiKTeX_2.9\tex/generic/pgfplots/liststructure\pgfplotslists
tructureext.code.tex)
(C:\PROGRAMS\MiKTeX\MiKTeX_2.9\tex/generic/pgfplots/liststructure\pgfplotsarray
.code.tex
\c@pgfplotsarray@tmp=\count337
)
(C:\PROGRAMS\MiKTeX\MiKTeX_2.9\tex/generic/pgfplots/liststructure\pgfplotsmatri
x.code.tex)
(C:\PROGRAMS\MiKTeX\MiKTeX_2.9\tex/generic/pgfplots/numtable\pgfplotstableshare
d.code.tex
\c@pgfplotstable@counta=\count338
\t@pgfplotstable@a=\toks53
)
(C:\PROGRAMS\MiKTeX\MiKTeX_2.9\tex/generic/pgfplots/liststructure\pgfplotsdeque
.code.tex)
(C:\PROGRAMS\MiKTeX\MiKTeX_2.9\tex/generic/pgfplots/util\pgfplotsbinary.code.te
x
(C:\PROGRAMS\MiKTeX\MiKTeX_2.9\tex/generic/pgfplots/util\pgfplotsbinary.data.co
de.tex))
(C:\PROGRAMS\MiKTeX\MiKTeX_2.9\tex/generic/pgfplots/util\pgfplotsutil.verb.code
.tex)
(C:\PROGRAMS\MiKTeX\MiKTeX_2.9\tex/generic/pgfplots/libs\pgflibrarypgfplots.sur
fshading.code.tex
\c@pgfplotslibrarysurf@no=\count339

(C:\PROGRAMS\MiKTeX\MiKTeX_2.9\tex/generic/pgfplots/sys\pgflibrarypgfplots.surf
shading.pgfsys-pdftex.def)))
(C:\PROGRAMS\MiKTeX\MiKTeX_2.9\tex/generic/pgfplots/util\pgfplotscolormap.code.
tex
(C:\PROGRAMS\MiKTeX\MiKTeX_2.9\tex/generic/pgfplots/util\pgfplotscolor.code.tex
))
(C:\PROGRAMS\MiKTeX\MiKTeX_2.9\tex/generic/pgfplots\pgfplotsstackedplots.code.t
ex)
(C:\PROGRAMS\MiKTeX\MiKTeX_2.9\tex/generic/pgfplots\pgfplotsplothandlers.code.t
ex
(C:\PROGRAMS\MiKTeX\MiKTeX_2.9\tex/generic/pgfplots\pgfplotsmeshplothandler.cod
e.tex
(C:\PROGRAMS\MiKTeX\MiKTeX_2.9\tex/generic/pgfplots\pgfplotsmeshplotimage.code.
tex)))
(C:\PROGRAMS\MiKTeX\MiKTeX_2.9\tex/generic/pgfplots\pgfplots.scaling.code.tex)
(C:\PROGRAMS\MiKTeX\MiKTeX_2.9\tex/generic/pgfplots\pgfplotscoordprocessing.cod
e.tex)
(C:\PROGRAMS\MiKTeX\MiKTeX_2.9\tex/generic/pgfplots\pgfplots.errorbars.code.tex
) (C:\PROGRAMS\MiKTeX\MiKTeX_2.9\tex/generic/pgfplots\pgfplots.markers.code.tex
) (C:\PROGRAMS\MiKTeX\MiKTeX_2.9\tex/generic/pgfplots\pgfplotsticks.code.tex)
(C:\PROGRAMS\MiKTeX\MiKTeX_2.9\tex/generic/pgfplots\pgfplots.paths.code.tex)
(C:\PROGRAMS\MiKTeX\MiKTeX_2.9\tex/generic/pgf/frontendlayer/tikz/libraries\tik
zlibrarydecorations.code.tex
(C:\PROGRAMS\MiKTeX\MiKTeX_2.9\tex/generic/pgf/modules\pgfmoduledecorations.cod
e.tex
\pgfdecoratedcompleteddistance=\dimen310
\pgfdecoratedremainingdistance=\dimen311
\pgfdecoratedinputsegmentcompleteddistance=\dimen312
\pgfdecoratedinputsegmentremainingdistance=\dimen313
\pgf@decorate@distancetomove=\dimen314
\pgf@decorate@repeatstate=\count340
\pgfdecorationsegmentamplitude=\dimen315
\pgfdecorationsegmentlength=\dimen316
)
\tikz@lib@dec@box=\box80
)
(C:\PROGRAMS\MiKTeX\MiKTeX_2.9\tex/generic/pgf/frontendlayer/tikz/libraries\tik
zlibrarydecorations.pathmorphing.code.tex
(C:\PROGRAMS\MiKTeX\MiKTeX_2.9\tex/generic/pgf/libraries/decorations\pgflibrary
decorations.pathmorphing.code.tex))
(C:\PROGRAMS\MiKTeX\MiKTeX_2.9\tex/generic/pgf/frontendlayer/tikz/libraries\tik
zlibrarydecorations.pathreplacing.code.tex
(C:\PROGRAMS\MiKTeX\MiKTeX_2.9\tex/generic/pgf/libraries/decorations\pgflibrary
decorations.pathreplacing.code.tex))
\pgfplots@numplots=\count341
\pgfplots@xmin@reg=\dimen317
\pgfplots@xmax@reg=\dimen318
\pgfplots@ymin@reg=\dimen319
\pgfplots@ymax@reg=\dimen320
\pgfplots@zmin@reg=\dimen321
\pgfplots@zmax@reg=\dimen322
)
(C:\PROGRAMS\MiKTeX\MiKTeX_2.9\tex/generic/pgf/frontendlayer/tikz/libraries\tik
zlibraryplotmarks.code.tex
File: tikzlibraryplotmarks.code.tex 2020/11/23 v3.1.7 (3.1.7)

(C:\PROGRAMS\MiKTeX\MiKTeX_2.9\tex/generic/pgf/libraries\pgflibraryplotmarks.co
de.tex
File: pgflibraryplotmarks.code.tex 2020/11/23 v3.1.7 (3.1.7)
)))
(C:\PROGRAMS\MiKTeX\MiKTeX_2.9\tex/generic/pgfplots/libs\tikzlibrarypgfplots.da
teplot.code.tex
(C:\PROGRAMS\MiKTeX\MiKTeX_2.9\tex/latex/pgf/utilities\pgfcalendar.sty
(C:\PROGRAMS\MiKTeX\MiKTeX_2.9\tex/generic/pgf/utilities\pgfcalendar.code.tex
File: pgfcalendar.code.tex 2020/11/23 v3.1.7 (3.1.7)

(C:\PROGRAMS\MiKTeX\MiKTeX_2.9\tex/generic/pgf/math\pgfint.code.tex)
\pgfcalendarcurrentjulian=\count342
\pgf@cal@easter@Y=\count343
\pgf@cal@easter@G=\count344
\pgf@cal@easter@C=\count345
\pgf@cal@easter@X=\count346
\pgf@cal@easter@Z=\count347
\pgf@cal@easter@D=\count348
\pgf@cal@easter@E=\count349
\pgf@cal@easter@N=\count350
\pgf@cal@easter@M=\count351
\pgf@cal@easter@julianday=\count352
)))
(C:\PROGRAMS\MiKTeX\MiKTeX_2.9\tex/latex/latex-tools\xspace.sty
Package: xspace 2014/10/28 v1.13 Space after command names (DPC,MH)
)
(C:\PROGRAMS\MiKTeX\MiKTeX_2.9\tex/latex/lineno\lineno.sty
Package: lineno 2005/11/02 line numbers on paragraphs v4.41
\linenopenalty=\count353
\output=\toks54
\linenoprevgraf=\count354
\linenumbersep=\dimen323
\linenumberwidth=\dimen324
\c@linenumber=\count355
\c@pagewiselinenumber=\count356
\c@LN@truepage=\count357
\c@internallinenumber=\count358
\c@internallinenumbers=\count359
\quotelinenumbersep=\dimen325
\bframerule=\dimen326
\bframesep=\dimen327
\bframebox=\box81
LaTeX Info: Redefining \\ on input line 3056.
)
(C:\PROGRAMS\MiKTeX\MiKTeX_2.9\tex/latex/mathtools\mathtools.sty
Package: mathtools 2020/03/24 v1.24 mathematical typesetting tools

(C:\PROGRAMS\MiKTeX\MiKTeX_2.9\tex/latex/mathtools\mhsetup.sty
Package: mhsetup 2017/03/31 v1.3 programming setup (MH)
)
LaTeX Info: Thecontrolsequence`\('isalreadyrobust on input line 130.
LaTeX Info: Thecontrolsequence`\)'isalreadyrobust on input line 130.
LaTeX Info: Thecontrolsequence`\['isalreadyrobust on input line 130.
LaTeX Info: Thecontrolsequence`\]'isalreadyrobust on input line 130.
\g_MT_multlinerow_int=\count360
\l_MT_multwidth_dim=\dimen328
\origjot=\skip75
\l_MT_shortvdotswithinadjustabove_dim=\dimen329
\l_MT_shortvdotswithinadjustbelow_dim=\dimen330
\l_MT_above_intertext_sep=\dimen331
\l_MT_below_intertext_sep=\dimen332
\l_MT_above_shortintertext_sep=\dimen333
\l_MT_below_shortintertext_sep=\dimen334
\xmathstrut@box=\box82
\xmathstrut@dim=\dimen335
)
(C:\PROGRAMS\MiKTeX\MiKTeX_2.9\tex/latex/pdfpages\pdfpages.sty
Package: pdfpages 2020/01/28 v0.5q Insert pages of external PDF documents (AM)

(C:\PROGRAMS\MiKTeX\MiKTeX_2.9\tex/latex/base\ifthen.sty
Package: ifthen 2014/09/29 v1.1c Standard LaTeX ifthen package (DPC)
)
(C:\PROGRAMS\MiKTeX\MiKTeX_2.9\tex/latex/eso-pic\eso-pic.sty
Package: eso-pic 2020/09/27 v2.0i eso-pic (RN)
\ESO@tempdima=\dimen336
\ESO@tempdimb=\dimen337
)
\AM@pagewidth=\dimen338
\AM@pageheight=\dimen339

(C:\PROGRAMS\MiKTeX\MiKTeX_2.9\tex/latex/pdfpages\pppdftex.def
File: pppdftex.def 2020/01/28 v0.5q Pdfpages driver for pdfTeX (AM)
)
\AM@pagebox=\box83
\AM@global@opts=\toks55
\AM@pagecnt=\count361
\AM@toc@title=\toks56
\c@AM@survey=\count362
\AM@templatesizebox=\box84
)
(C:\PROGRAMS\MiKTeX\MiKTeX_2.9\tex/latex/caption\caption.sty
Package: caption 2020/10/26 v3.5g Customizing captions (AR)

(C:\PROGRAMS\MiKTeX\MiKTeX_2.9\tex/latex/caption\caption3.sty
Package: caption3 2020/10/21 v2.2e caption3 kernel (AR)
\captionmargin=\dimen340
\captionmargin@=\dimen341
\captionwidth=\dimen342
\caption@tempdima=\dimen343
\caption@indent=\dimen344
\caption@parindent=\dimen345
\caption@hangindent=\dimen346
Package caption Info: beamer document class detected.

(C:\PROGRAMS\MiKTeX\MiKTeX_2.9\tex/latex/caption\caption-beamer.sto
File: caption-beamer.sto 2020/08/22 v2.0 Adaption of the caption package to the
 beamer document classes (AR)
))
\c@caption@flags=\count363
\c@continuedfloat=\count364
Package caption Info: hyperref package is loaded.
Package caption Info: Hyperref support is turned off
(caption)             because hyperref has stopped early.
)
(C:\PROGRAMS\MiKTeX\MiKTeX_2.9\tex/latex/caption\subcaption.sty
Package: subcaption 2020/10/07 v1.3j Sub-captions (AR)
\c@subfigure=\count365
\c@subtable=\count366
)
(C:\PROGRAMS\MiKTeX\MiKTeX_2.9\tex/latex/adjustbox\adjustbox.sty
Package: adjustbox 2020/08/19 v1.3 Adjusting TeX boxes (trim, clip, ...)

(C:\PROGRAMS\MiKTeX\MiKTeX_2.9\tex/latex/adjustbox\adjcalc.sty
Package: adjcalc 2012/05/16 v1.1 Provides advanced setlength with multiple back
-ends (calc, etex, pgfmath)
)
(C:\PROGRAMS\MiKTeX\MiKTeX_2.9\tex/latex/adjustbox\trimclip.sty
Package: trimclip 2020/08/19 v1.2 Trim and clip general TeX material

(C:\PROGRAMS\MiKTeX\MiKTeX_2.9\tex/latex/collectbox\collectbox.sty
Package: collectbox 2012/05/17 v0.4b Collect macro arguments as boxes
\collectedbox=\box85
)
\tc@llx=\dimen347
\tc@lly=\dimen348
\tc@urx=\dimen349
\tc@ury=\dimen350
Package trimclip Info: Using driver 'tc-pdftex.def'.

(C:\PROGRAMS\MiKTeX\MiKTeX_2.9\tex/latex/adjustbox\tc-pdftex.def
File: tc-pdftex.def 2019/01/04 v2.2 Clipping driver for pdftex
))
\adjbox@Width=\dimen351
\adjbox@Height=\dimen352
\adjbox@Depth=\dimen353
\adjbox@Totalheight=\dimen354
\adjbox@pwidth=\dimen355
\adjbox@pheight=\dimen356
\adjbox@pdepth=\dimen357
\adjbox@ptotalheight=\dimen358

(C:\PROGRAMS\MiKTeX\MiKTeX_2.9\tex/latex/ifoddpage\ifoddpage.sty
Package: ifoddpage 2016/04/23 v1.1 Conditionals for odd/even page detection
\c@checkoddpage=\count367
)
(C:\PROGRAMS\MiKTeX\MiKTeX_2.9\tex/latex/varwidth\varwidth.sty
Package: varwidth 2009/03/30 ver 0.92;  Variable-width minipages
\@vwid@box=\box86
\sift@deathcycles=\count368
\@vwid@loff=\dimen359
\@vwid@roff=\dimen360
))
(C:\PROGRAMS\MiKTeX\MiKTeX_2.9\tex/latex/beamertheme-metropolis\pgfplotsthemeto
l.sty
Package: pgfplotsthemetol 2017/01/23 PGFplots colors based on Paul Tol's SRON t
echnical note
) (C:\PROGRAMS\MiKTeX\MiKTeX_2.9\tex/latex/l3backend\l3backend-pdftex.def
File: l3backend-pdftex.def 2020-09-24 L3 backend support: PDF output (pdfTeX)
\l__kernel_color_stack_int=\count369
\l__pdf_internal_box=\box87
) (SFE.aux)
\openout1 = `SFE.aux'.

LaTeX Font Info:    Checking defaults for OML/cmm/m/it on input line 41.
LaTeX Font Info:    ... okay on input line 41.
LaTeX Font Info:    Checking defaults for OMS/cmsy/m/n on input line 41.
LaTeX Font Info:    ... okay on input line 41.
LaTeX Font Info:    Checking defaults for OT1/cmr/m/n on input line 41.
LaTeX Font Info:    ... okay on input line 41.
LaTeX Font Info:    Checking defaults for T1/cmr/m/n on input line 41.
LaTeX Font Info:    ... okay on input line 41.
LaTeX Font Info:    Checking defaults for TS1/cmr/m/n on input line 41.
LaTeX Font Info:    ... okay on input line 41.
LaTeX Font Info:    Checking defaults for OMX/cmex/m/n on input line 41.
LaTeX Font Info:    ... okay on input line 41.
LaTeX Font Info:    Checking defaults for U/cmr/m/n on input line 41.
LaTeX Font Info:    ... okay on input line 41.
LaTeX Font Info:    Checking defaults for PD1/pdf/m/n on input line 41.
LaTeX Font Info:    ... okay on input line 41.

*geometry* driver: auto-detecting
*geometry* detected driver: pdftex
*geometry* verbose mode - [ preamble ] result:
* driver: pdftex
* paper: custom
* layout: <same size as paper>
* layoutoffset:(h,v)=(0.0pt,0.0pt)
* modes: includehead includefoot 
* h-part:(L,W,R)=(28.45274pt, 307.28987pt, 28.45274pt)
* v-part:(T,H,B)=(0.0pt, 273.14662pt, 0.0pt)
* \paperwidth=364.19536pt
* \paperheight=273.14662pt
* \textwidth=307.28987pt
* \textheight=244.6939pt
* \oddsidemargin=-43.81725pt
* \evensidemargin=-43.81725pt
* \topmargin=-72.26999pt
* \headheight=14.22636pt
* \headsep=0.0pt
* \topskip=9.0pt
* \footskip=14.22636pt
* \marginparwidth=4.0pt
* \marginparsep=10.0pt
* \columnsep=10.0pt
* \skip\footins=7.0pt plus 4.0pt minus 2.0pt
* \hoffset=0.0pt
* \voffset=0.0pt
* \mag=1000
* \@twocolumnfalse
* \@twosidefalse
* \@mparswitchfalse
* \@reversemarginfalse
* (1in=72.27pt=25.4mm, 1cm=28.453pt)

(C:\PROGRAMS\MiKTeX\MiKTeX_2.9\tex/context/base/mkii\supp-pdf.mkii
[Loading MPS to PDF converter (version 2006.09.02).]
\scratchcounter=\count370
\scratchdimen=\dimen361
\scratchbox=\box88
\nofMPsegments=\count371
\nofMParguments=\count372
\everyMPshowfont=\toks57
\MPscratchCnt=\count373
\MPscratchDim=\dimen362
\MPnumerator=\count374
\makeMPintoPDFobject=\count375
\everyMPtoPDFconversion=\toks58
) (C:\PROGRAMS\MiKTeX\MiKTeX_2.9\tex/latex/epstopdf-pkg\epstopdf-base.sty
Package: epstopdf-base 2020-01-24 v2.11 Base part for package epstopdf
Package epstopdf-base Info: Redefining graphics rule for `.eps' on input line 4
85.
)
Package hyperref Info: Link coloring OFF on input line 41.

(C:\PROGRAMS\MiKTeX\MiKTeX_2.9\tex/latex/hyperref\nameref.sty
Package: nameref 2019/09/16 v2.46 Cross-referencing by name of section

(C:\PROGRAMS\MiKTeX\MiKTeX_2.9\tex/latex/refcount\refcount.sty
Package: refcount 2019/12/15 v3.6 Data extraction from label references (HO)
)
(C:\PROGRAMS\MiKTeX\MiKTeX_2.9\tex/generic/gettitlestring\gettitlestring.sty
Package: gettitlestring 2019/12/15 v1.6 Cleanup title references (HO)
)
\c@section@level=\count376
)
LaTeX Info: Redefining \ref on input line 41.
LaTeX Info: Redefining \pageref on input line 41.
LaTeX Info: Redefining \nameref on input line 41.

(SFE.out) (SFE.out)
\@outlinefile=\write5
\openout5 = `SFE.out'.

LaTeX Font Info:    Overwriting symbol font `operators' in version `normal'
(Font)                  OT1/cmr/m/n --> OT1/cmss/m/n on input line 41.
LaTeX Font Info:    Overwriting symbol font `operators' in version `bold'
(Font)                  OT1/cmr/bx/n --> OT1/cmss/b/n on input line 41.
\symnumbers=\mathgroup6
\sympureletters=\mathgroup7
LaTeX Font Info:    Overwriting math alphabet `\mathrm' in version `normal'
(Font)                  OT1/cmss/m/n --> OT1/cmr/m/n on input line 41.
LaTeX Font Info:    Redeclaring math alphabet \mathbf on input line 41.
LaTeX Font Info:    Overwriting math alphabet `\mathbf' in version `normal'
(Font)                  OT1/cmr/bx/n --> OT1/cmss/b/n on input line 41.
LaTeX Font Info:    Overwriting math alphabet `\mathbf' in version `bold'
(Font)                  OT1/cmr/bx/n --> OT1/cmss/b/n on input line 41.
LaTeX Font Info:    Redeclaring math alphabet \mathsf on input line 41.
LaTeX Font Info:    Overwriting math alphabet `\mathsf' in version `normal'
(Font)                  OT1/cmss/m/n --> OT1/cmss/m/n on input line 41.
LaTeX Font Info:    Overwriting math alphabet `\mathsf' in version `bold'
(Font)                  OT1/cmss/bx/n --> OT1/cmss/m/n on input line 41.
LaTeX Font Info:    Redeclaring math alphabet \mathit on input line 41.
LaTeX Font Info:    Overwriting math alphabet `\mathit' in version `normal'
(Font)                  OT1/cmr/m/it --> OT1/cmss/m/it on input line 41.
LaTeX Font Info:    Overwriting math alphabet `\mathit' in version `bold'
(Font)                  OT1/cmr/bx/it --> OT1/cmss/m/it on input line 41.
LaTeX Font Info:    Redeclaring math alphabet \mathtt on input line 41.
LaTeX Font Info:    Overwriting math alphabet `\mathtt' in version `normal'
(Font)                  OT1/cmtt/m/n --> OT1/cmtt/m/n on input line 41.
LaTeX Font Info:    Overwriting math alphabet `\mathtt' in version `bold'
(Font)                  OT1/cmtt/m/n --> OT1/cmtt/m/n on input line 41.
LaTeX Font Info:    Overwriting symbol font `numbers' in version `bold'
(Font)                  OT1/cmss/m/n --> OT1/cmss/b/n on input line 41.
LaTeX Font Info:    Overwriting symbol font `pureletters' in version `bold'
(Font)                  OT1/cmss/m/it --> OT1/cmss/b/it on input line 41.
LaTeX Font Info:    Overwriting math alphabet `\mathrm' in version `bold'
(Font)                  OT1/cmss/b/n --> OT1/cmr/b/n on input line 41.
LaTeX Font Info:    Overwriting math alphabet `\mathbf' in version `bold'
(Font)                  OT1/cmss/b/n --> OT1/cmss/b/n on input line 41.
LaTeX Font Info:    Overwriting math alphabet `\mathsf' in version `bold'
(Font)                  OT1/cmss/m/n --> OT1/cmss/b/n on input line 41.
LaTeX Font Info:    Overwriting math alphabet `\mathit' in version `bold'
(Font)                  OT1/cmss/m/it --> OT1/cmss/b/it on input line 41.
LaTeX Font Info:    Overwriting math alphabet `\mathtt' in version `bold'
(Font)                  OT1/cmtt/m/n --> OT1/cmtt/b/n on input line 41.
LaTeX Font Info:    Redeclaring symbol font `pureletters' on input line 41.
LaTeX Font Info:    Overwriting symbol font `pureletters' in version `normal'
(Font)                  OT1/cmss/m/it --> OT1/mathkerncmss/m/sl on input line 4
1.
LaTeX Font Info:    Overwriting symbol font `pureletters' in version `bold'
(Font)                  OT1/cmss/b/it --> OT1/mathkerncmss/m/sl on input line 4
1.
LaTeX Font Info:    Overwriting symbol font `pureletters' in version `bold'
(Font)                  OT1/mathkerncmss/m/sl --> OT1/mathkerncmss/bx/sl on inp
ut line 41.

(C:\PROGRAMS\MiKTeX\MiKTeX_2.9\tex/latex/translator\translator-basic-dictionary
-English.dict
Dictionary: translator-basic-dictionary, Language: English 
)
(C:\PROGRAMS\MiKTeX\MiKTeX_2.9\tex/latex/translator\translator-bibliography-dic
tionary-English.dict
Dictionary: translator-bibliography-dictionary, Language: English 
)
(C:\PROGRAMS\MiKTeX\MiKTeX_2.9\tex/latex/translator\translator-environment-dict
ionary-English.dict
Dictionary: translator-environment-dictionary, Language: English 
)
(C:\PROGRAMS\MiKTeX\MiKTeX_2.9\tex/latex/translator\translator-months-dictionar
y-English.dict
Dictionary: translator-months-dictionary, Language: English 
)
(C:\PROGRAMS\MiKTeX\MiKTeX_2.9\tex/latex/translator\translator-numbers-dictiona
ry-English.dict
Dictionary: translator-numbers-dictionary, Language: English 
)
(C:\PROGRAMS\MiKTeX\MiKTeX_2.9\tex/latex/translator\translator-theorem-dictiona
ry-English.dict
Dictionary: translator-theorem-dictionary, Language: English 
)
Package pgfplots notification 'compat/show suggested version=true': you might b
enefit from \pgfplotsset{compat=1.17} (current compat level: 1.9).

(C:\PROGRAMS\MiKTeX\MiKTeX_2.9\tex/latex/pdflscape\pdflscape.sty
Package: pdflscape 2019/12/05 v0.12 Display of landscape pages in PDF (HO)

(C:\PROGRAMS\MiKTeX\MiKTeX_2.9\tex/latex/graphics\lscape.sty
Package: lscape 2020/05/28 v3.02 Landscape Pages (DPC)
)
Package pdflscape Info: Auto-detected driver: pdftex on input line 81.
)
Package caption Info: Begin \AtBeginDocument code.
Package caption Info: End \AtBeginDocument code.
 (SFE.nav)
Overfull \vbox (10.92494pt too high) detected at line 43
 []

[1

{C:/Users/sliczno1/AppData/Local/MiKTeX/pdftex/config/pdftex.map}] [2

]
LaTeX Font Info:    Trying to load font information for U+msa on input line 55.


(C:\PROGRAMS\MiKTeX\MiKTeX_2.9\tex/latex/amsfonts\umsa.fd
File: umsa.fd 2013/01/14 v3.01 AMS symbols A
)
LaTeX Font Info:    Trying to load font information for U+msb on input line 55.


(C:\PROGRAMS\MiKTeX\MiKTeX_2.9\tex/latex/amsfonts\umsb.fd
File: umsb.fd 2013/01/14 v3.01 AMS symbols B
)
LaTeX Font Info:    Trying to load font information for OT1+mathkerncmss on inp
ut line 55.

(C:\PROGRAMS\MiKTeX\MiKTeX_2.9\tex/latex/sansmathaccent\ot1mathkerncmss.fd
File: ot1mathkerncmss.fd 2020/01/31 Fontinst v1.933 font definitions for OT1/ma
thkerncmss.
)
[3

]
\openout4 = `SFE.vrb'.

 (SFE.vrb

pdfTeX warning: pdflatex.exe (file ./Figures/SFE_Diagram.pdf): PDF inclusion: f
ound PDF version <1.7>, but at most version <1.5> allowed
<Figures/SFE_Diagram.pdf, id=49, 963.6pt x 542.025pt>
File: Figures/SFE_Diagram.pdf Graphic file (type pdf)
<use Figures/SFE_Diagram.pdf>
Package pdftex.def Info: Figures/SFE_Diagram.pdf  used on input line 4.
(pdftex.def)             Requested size: 307.28987pt x 131.27115pt.
) [4

 <./Figures/SFE_Diagram.pdf>] [5

] [6

]
\openout4 = `SFE.vrb'.

 (SFE.vrb
LaTeX Font Info:    Trying to load font information for TS1+cmss on input line 
3.

(C:\PROGRAMS\MiKTeX\MiKTeX_2.9\tex/latex/base\ts1cmss.fd
File: ts1cmss.fd 2019/12/16 v2.5j Standard LaTeX font definitions
)) [7

] [8

]
\openout4 = `SFE.vrb'.

 (SFE.vrb)
[9

]
\openout4 = `SFE.vrb'.

 (SFE.vrb) [10

] [11

]
\openout4 = `SFE.vrb'.

 (SFE.vrb) [12

]
\openout4 = `SFE.vrb'.

 (SFE.vrb

LaTeX Font Warning: Font shape `OT1/cmss/b/n' undefined
(Font)              using `OT1/cmss/m/n' instead on input line 12.

) [13

]
\openout4 = `SFE.vrb'.

 (SFE.vrb
Overfull \hbox (11.95613pt too wide) detected at line 23
[]
 []

) [14

]
\openout4 = `SFE.vrb'.

 (SFE.vrb) [15

]
\openout4 = `SFE.vrb'.

 (SFE.vrb
Overfull \hbox (6.63725pt too wide) detected at line 24
[]
 []

) [16

]
\openout4 = `SFE.vrb'.

 (SFE.vrb) [17

] [18

]
\openout4 = `SFE.vrb'.

 (SFE.vrb
<Figures/Sensitivity/Yield.png, id=163, 1433.355pt x 742.9356pt>
File: Figures/Sensitivity/Yield.png Graphic file (type png)
<use Figures/Sensitivity/Yield.png>
Package pdftex.def Info: Figures/Sensitivity/Yield.png  used on input line 15.
(pdftex.def)             Requested size: 156.4885pt x 71.12375pt.

Overfull \hbox (2.84357pt too wide) in paragraph at lines 13--15
 [][] 
 []

<Figures/Sensitivity/Temperature.png, id=164, 1433.355pt x 742.9356pt>
File: Figures/Sensitivity/Temperature.png Graphic file (type png)
<use Figures/Sensitivity/Temperature.png>
Package pdftex.def Info: Figures/Sensitivity/Temperature.png  used on input lin
e 16.
(pdftex.def)             Requested size: 156.4885pt x 71.12375pt.

Overfull \hbox (2.84357pt too wide) in paragraph at lines 16--17
 [][] 
 []

<Figures/Sensitivity/ConcentrationSolid.png, id=165, 1433.355pt x 742.9356pt>
File: Figures/Sensitivity/ConcentrationSolid.png Graphic file (type png)
<use Figures/Sensitivity/ConcentrationSolid.png>
Package pdftex.def Info: Figures/Sensitivity/ConcentrationSolid.png  used on in
put line 19.
(pdftex.def)             Requested size: 156.4885pt x 71.12375pt.

Overfull \hbox (2.84357pt too wide) in paragraph at lines 17--19
 [][] 
 []

<Figures/Sensitivity/ConcentrationLiquid.png, id=166, 1433.355pt x 742.9356pt>
File: Figures/Sensitivity/ConcentrationLiquid.png Graphic file (type png)
<use Figures/Sensitivity/ConcentrationLiquid.png>
Package pdftex.def Info: Figures/Sensitivity/ConcentrationLiquid.png  used on i
nput line 20.
(pdftex.def)             Requested size: 156.4885pt x 71.12375pt.

Overfull \hbox (2.84357pt too wide) in paragraph at lines 20--21
 [][] 
 []

) [19

 <./Figures/Sensitivity/Yield.png (PNG copy)> <./Figures/Sensitivity/Temperatur
e.png (PNG copy)> <./Figures/Sensitivity/ConcentrationSolid.png (PNG copy)> <./
Figures/Sensitivity/ConcentrationLiquid.png (PNG copy)>]
\openout4 = `SFE.vrb'.

 (SFE.vrb
Overfull \hbox (15.04404pt too wide) detected at line 9
[]
 []

<Figures/Sensitivity/Plots/2_SS_R_P.png, id=173, 1433.355pt x 742.9356pt>
File: Figures/Sensitivity/Plots/2_SS_R_P.png Graphic file (type png)
<use Figures/Sensitivity/Plots/2_SS_R_P.png>
Package pdftex.def Info: Figures/Sensitivity/Plots/2_SS_R_P.png  used on input 
line 13.
(pdftex.def)             Requested size: 156.4885pt x 71.12375pt.

Overfull \hbox (2.84357pt too wide) in paragraph at lines 11--13
 [][] 
 []

<Figures/Sensitivity/Plots/3_SS_R_P.png, id=174, 1433.355pt x 742.9356pt>
File: Figures/Sensitivity/Plots/3_SS_R_P.png Graphic file (type png)
<use Figures/Sensitivity/Plots/3_SS_R_P.png>
Package pdftex.def Info: Figures/Sensitivity/Plots/3_SS_R_P.png  used on input 
line 14.
(pdftex.def)             Requested size: 156.4885pt x 71.12375pt.

Overfull \hbox (2.84357pt too wide) in paragraph at lines 14--15
 [][] 
 []

<Figures/Sensitivity/Imagesc/2_SS_R_P.png, id=175, 1433.355pt x 742.9356pt>
File: Figures/Sensitivity/Imagesc/2_SS_R_P.png Graphic file (type png)
<use Figures/Sensitivity/Imagesc/2_SS_R_P.png>
Package pdftex.def Info: Figures/Sensitivity/Imagesc/2_SS_R_P.png  used on inpu
t line 17.
(pdftex.def)             Requested size: 156.4885pt x 71.12375pt.

Overfull \hbox (2.84357pt too wide) in paragraph at lines 15--17
 [][] 
 []

<Figures/Sensitivity/Imagesc/3_SS_R_P.png, id=176, 1433.355pt x 742.9356pt>
File: Figures/Sensitivity/Imagesc/3_SS_R_P.png Graphic file (type png)
<use Figures/Sensitivity/Imagesc/3_SS_R_P.png>
Package pdftex.def Info: Figures/Sensitivity/Imagesc/3_SS_R_P.png  used on inpu
t line 18.
(pdftex.def)             Requested size: 156.4885pt x 71.12375pt.

Overfull \hbox (2.84357pt too wide) in paragraph at lines 18--19
 [][] 
 []

) [20

 <./Figures/Sensitivity/Plots/2_SS_R_P.png (PNG copy)> <./Figures/Sensitivity/P
lots/3_SS_R_P.png (PNG copy)> <./Figures/Sensitivity/Imagesc/2_SS_R_P.png (PNG 
copy)> <./Figures/Sensitivity/Imagesc/3_SS_R_P.png (PNG copy)>]
\openout4 = `SFE.vrb'.

 (SFE.vrb
Overfull \hbox (15.04404pt too wide) detected at line 9
[]
 []

File: Figures/Sensitivity/Yield.png Graphic file (type png)
<use Figures/Sensitivity/Yield.png>
Package pdftex.def Info: Figures/Sensitivity/Yield.png  used on input line 13.
(pdftex.def)             Requested size: 156.4885pt x 71.12375pt.

Overfull \hbox (2.84357pt too wide) in paragraph at lines 11--13
 [][] 
 []

<Figures/Sensitivity/Plots/1_SS_R_P.png, id=182, 1433.355pt x 742.9356pt>
File: Figures/Sensitivity/Plots/1_SS_R_P.png Graphic file (type png)
<use Figures/Sensitivity/Plots/1_SS_R_P.png>
Package pdftex.def Info: Figures/Sensitivity/Plots/1_SS_R_P.png  used on input 
line 16.
(pdftex.def)             Requested size: 156.4885pt x 71.12375pt.

Overfull \hbox (2.84357pt too wide) in paragraph at lines 14--16
 [][] 
 []

) [21

 <./Figures/Sensitivity/Plots/1_SS_R_P.png (PNG copy)>]
\openout4 = `SFE.vrb'.

 (SFE.vrb
Overfull \hbox (15.04404pt too wide) detected at line 9
[]
 []

<Figures/Sensitivity/Plots/2_SS_R_epsi.png, id=188, 1433.355pt x 742.9356pt>
File: Figures/Sensitivity/Plots/2_SS_R_epsi.png Graphic file (type png)
<use Figures/Sensitivity/Plots/2_SS_R_epsi.png>
Package pdftex.def Info: Figures/Sensitivity/Plots/2_SS_R_epsi.png  used on inp
ut line 13.
(pdftex.def)             Requested size: 156.4885pt x 71.12375pt.

Overfull \hbox (2.84357pt too wide) in paragraph at lines 11--13
 [][] 
 []

<Figures/Sensitivity/Plots/3_SS_R_epsi.png, id=189, 1433.355pt x 742.9356pt>
File: Figures/Sensitivity/Plots/3_SS_R_epsi.png Graphic file (type png)
<use Figures/Sensitivity/Plots/3_SS_R_epsi.png>
Package pdftex.def Info: Figures/Sensitivity/Plots/3_SS_R_epsi.png  used on inp
ut line 14.
(pdftex.def)             Requested size: 156.4885pt x 71.12375pt.

Overfull \hbox (2.84357pt too wide) in paragraph at lines 14--15
 [][] 
 []

<Figures/Sensitivity/Imagesc/2_SS_R_epsi.png, id=190, 1433.355pt x 742.9356pt>
File: Figures/Sensitivity/Imagesc/2_SS_R_epsi.png Graphic file (type png)
<use Figures/Sensitivity/Imagesc/2_SS_R_epsi.png>
Package pdftex.def Info: Figures/Sensitivity/Imagesc/2_SS_R_epsi.png  used on i
nput line 17.
(pdftex.def)             Requested size: 156.4885pt x 71.12375pt.

Overfull \hbox (2.84357pt too wide) in paragraph at lines 15--17
 [][] 
 []

<Figures/Sensitivity/Imagesc/3_SS_R_epsi.png, id=191, 1433.355pt x 742.9356pt>
File: Figures/Sensitivity/Imagesc/3_SS_R_epsi.png Graphic file (type png)
<use Figures/Sensitivity/Imagesc/3_SS_R_epsi.png>
Package pdftex.def Info: Figures/Sensitivity/Imagesc/3_SS_R_epsi.png  used on i
nput line 18.
(pdftex.def)             Requested size: 156.4885pt x 71.12375pt.

Overfull \hbox (2.84357pt too wide) in paragraph at lines 18--19
 [][] 
 []

) [22

 <./Figures/Sensitivity/Plots/2_SS_R_epsi.png (PNG copy)> <./Figures/Sensitivit
y/Plots/3_SS_R_epsi.png (PNG copy)> <./Figures/Sensitivity/Imagesc/2_SS_R_epsi.
png (PNG copy)> <./Figures/Sensitivity/Imagesc/3_SS_R_epsi.png (PNG copy)>]
\openout4 = `SFE.vrb'.

 (SFE.vrb
Overfull \hbox (15.04404pt too wide) detected at line 9
[]
 []

File: Figures/Sensitivity/Yield.png Graphic file (type png)
<use Figures/Sensitivity/Yield.png>
Package pdftex.def Info: Figures/Sensitivity/Yield.png  used on input line 13.
(pdftex.def)             Requested size: 156.4885pt x 71.12375pt.

Overfull \hbox (2.84357pt too wide) in paragraph at lines 11--13
 [][] 
 []

<Figures/Sensitivity/Plots/1_SS_R_epsi.png, id=197, 1433.355pt x 742.9356pt>
File: Figures/Sensitivity/Plots/1_SS_R_epsi.png Graphic file (type png)
<use Figures/Sensitivity/Plots/1_SS_R_epsi.png>
Package pdftex.def Info: Figures/Sensitivity/Plots/1_SS_R_epsi.png  used on inp
ut line 16.
(pdftex.def)             Requested size: 156.4885pt x 71.12375pt.

Overfull \hbox (2.84357pt too wide) in paragraph at lines 14--16
 [][] 
 []

) [23

 <./Figures/Sensitivity/Plots/1_SS_R_epsi.png (PNG copy)>]
\openout4 = `SFE.vrb'.

 (SFE.vrb
Overfull \hbox (15.04404pt too wide) detected at line 9
[]
 []

<Figures/Sensitivity/Plots/2_SS_R_betah_{Di}.png, id=203, 1433.355pt x 742.9356
pt>
File: Figures/Sensitivity/Plots/2_SS_R_betah_{Di}.png Graphic file (type png)
<use Figures/Sensitivity/Plots/2_SS_R_betah_{Di}.png>
Package pdftex.def Info: Figures/Sensitivity/Plots/2_SS_R_betah_{Di}.png  used 
on input line 13.
(pdftex.def)             Requested size: 156.4885pt x 71.12375pt.

Overfull \hbox (2.84357pt too wide) in paragraph at lines 11--13
 [][] 
 []

<Figures/Sensitivity/Plots/3_SS_R_betah_{Di}.png, id=204, 1433.355pt x 742.9356
pt>
File: Figures/Sensitivity/Plots/3_SS_R_betah_{Di}.png Graphic file (type png)
<use Figures/Sensitivity/Plots/3_SS_R_betah_{Di}.png>
Package pdftex.def Info: Figures/Sensitivity/Plots/3_SS_R_betah_{Di}.png  used 
on input line 14.
(pdftex.def)             Requested size: 156.4885pt x 71.12375pt.

Overfull \hbox (2.84357pt too wide) in paragraph at lines 14--15
 [][] 
 []

<Figures/Sensitivity/Imagesc/2_SS_R_betah_{Di}.png, id=205, 1433.355pt x 742.93
56pt>
File: Figures/Sensitivity/Imagesc/2_SS_R_betah_{Di}.png Graphic file (type png)

<use Figures/Sensitivity/Imagesc/2_SS_R_betah_{Di}.png>
Package pdftex.def Info: Figures/Sensitivity/Imagesc/2_SS_R_betah_{Di}.png  use
d on input line 17.
(pdftex.def)             Requested size: 156.4885pt x 71.12375pt.

Overfull \hbox (2.84357pt too wide) in paragraph at lines 15--17
 [][] 
 []

<Figures/Sensitivity/Imagesc/3_SS_R_betah_{Di}.png, id=206, 1433.355pt x 742.93
56pt>
File: Figures/Sensitivity/Imagesc/3_SS_R_betah_{Di}.png Graphic file (type png)

<use Figures/Sensitivity/Imagesc/3_SS_R_betah_{Di}.png>
Package pdftex.def Info: Figures/Sensitivity/Imagesc/3_SS_R_betah_{Di}.png  use
d on input line 18.
(pdftex.def)             Requested size: 156.4885pt x 71.12375pt.

Overfull \hbox (2.84357pt too wide) in paragraph at lines 18--19
 [][] 
 []

) [24

 <./Figures/Sensitivity/Plots/2_SS_R_betah_{Di}.png (PNG copy)> <./Figures/Sens
itivity/Plots/3_SS_R_betah_{Di}.png (PNG copy)> <./Figures/Sensitivity/Imagesc/
2_SS_R_betah_{Di}.png (PNG copy)> <./Figures/Sensitivity/Imagesc/3_SS_R_betah_{
Di}.png (PNG copy)>]
\openout4 = `SFE.vrb'.

 (SFE.vrb
Overfull \hbox (15.04404pt too wide) detected at line 9
[]
 []

File: Figures/Sensitivity/Yield.png Graphic file (type png)
<use Figures/Sensitivity/Yield.png>
Package pdftex.def Info: Figures/Sensitivity/Yield.png  used on input line 13.
(pdftex.def)             Requested size: 156.4885pt x 71.12375pt.

Overfull \hbox (2.84357pt too wide) in paragraph at lines 11--13
 [][] 
 []

<Figures/Sensitivity/Plots/1_SS_R_betah_{Di}.png, id=212, 1433.355pt x 742.9356
pt>
File: Figures/Sensitivity/Plots/1_SS_R_betah_{Di}.png Graphic file (type png)
<use Figures/Sensitivity/Plots/1_SS_R_betah_{Di}.png>
Package pdftex.def Info: Figures/Sensitivity/Plots/1_SS_R_betah_{Di}.png  used 
on input line 16.
(pdftex.def)             Requested size: 156.4885pt x 71.12375pt.

Overfull \hbox (2.84357pt too wide) in paragraph at lines 14--16
 [][] 
 []

) [25

 <./Figures/Sensitivity/Plots/1_SS_R_betah_{Di}.png (PNG copy)>]
\openout4 = `SFE.vrb'.

 (SFE.vrb) [26

]
\tf@nav=\write6
\openout6 = `SFE.nav'.

\tf@toc=\write7
\openout7 = `SFE.toc'.

\tf@snm=\write8
\openout8 = `SFE.snm'.

 (SFE.aux)
Package rerunfilecheck Info: File `SFE.out' has not changed.
(rerunfilecheck)             Checksum: 137AAB33E81D35D17ED8A8DA38EE39F5;196.


LaTeX Font Warning: Some font shapes were not available, defaults substituted.

 ) 
Here is how much of TeX's memory you used:
 35518 strings out of 479761
 847033 string characters out of 2875332
 1251734 words of memory out of 3000000
 51657 multiletter control sequences out of 15000+200000
 546321 words of font info for 67 fonts, out of 3000000 for 9000
 1141 hyphenation exceptions out of 8191
 125i,23n,126p,1828b,771s stack positions out of 5000i,500n,10000p,200000b,50000s
{C:/PROGRAMS/MiKTeX/MiKTeX_2.9/fonts/enc/dvips/cm-super/cm-super-ts1.enc}<C:/
PROGRAMS/MiKTeX/MiKTeX_2.9/fonts/type1/public/amsfonts/cm/cmb10.pfb><C:/PROGRAM
S/MiKTeX/MiKTeX_2.9/fonts/type1/public/amsfonts/cmextra/cmex7.pfb><C:/PROGRAMS/
MiKTeX/MiKTeX_2.9/fonts/type1/public/amsfonts/cmextra/cmex8.pfb><C:/PROGRAMS/Mi
KTeX/MiKTeX_2.9/fonts/type1/public/amsfonts/cm/cmmi5.pfb><C:/PROGRAMS/MiKTeX/Mi
KTeX_2.9/fonts/type1/public/amsfonts/cm/cmmi6.pfb><C:/PROGRAMS/MiKTeX/MiKTeX_2.
9/fonts/type1/public/amsfonts/cm/cmmi7.pfb><C:/PROGRAMS/MiKTeX/MiKTeX_2.9/fonts
/type1/public/amsfonts/cm/cmmi8.pfb><C:/PROGRAMS/MiKTeX/MiKTeX_2.9/fonts/type1/
public/amsfonts/cm/cmss10.pfb><C:/PROGRAMS/MiKTeX/MiKTeX_2.9/fonts/type1/public
/amsfonts/cm/cmss8.pfb><C:/PROGRAMS/MiKTeX/MiKTeX_2.9/fonts/type1/public/amsfon
ts/cm/cmssbx10.pfb><C:/PROGRAMS/MiKTeX/MiKTeX_2.9/fonts/type1/public/amsfonts/c
m/cmssi8.pfb><C:/PROGRAMS/MiKTeX/MiKTeX_2.9/fonts/type1/public/amsfonts/cm/cmsy
5.pfb><C:/PROGRAMS/MiKTeX/MiKTeX_2.9/fonts/type1/public/amsfonts/cm/cmsy6.pfb><
C:/PROGRAMS/MiKTeX/MiKTeX_2.9/fonts/type1/public/amsfonts/cm/cmsy7.pfb><C:/PROG
RAMS/MiKTeX/MiKTeX_2.9/fonts/type1/public/amsfonts/symbols/msbm7.pfb><C:/PROGRA
MS/MiKTeX/MiKTeX_2.9/fonts/type1/public/cm-super/sfss0800.pfb>
Output written on SFE.pdf (26 pages, 6041490 bytes).
PDF statistics:
 290 PDF objects out of 1000 (max. 8388607)
 58 named destinations out of 1000 (max. 500000)
 181 words of extra memory for PDF output out of 10000 (max. 10000000)

